CRITICAL - 2023-05-10 19:40:39 --> The framework needs the following extension(s) installed and loaded: intl.
in SYSTEMPATH\CodeIgniter.php on line 226.
 1 SYSTEMPATH\CodeIgniter.php(226): CodeIgniter\Exceptions\FrameworkException::forMissingExtension('intl')
 2 SYSTEMPATH\CodeIgniter.php(190): CodeIgniter\CodeIgniter->resolvePlatformExtensions()
 3 ROOTPATH\spark(83): CodeIgniter\CodeIgniter->initialize()
CRITICAL - 2023-05-10 17:50:53 --> Too few arguments to function view(), 0 passed in E:\xampp\htdocs\cge\app\Controllers\Home.php on line 9 and at least 1 expected
in SYSTEMPATH\Common.php on line 1172.
 1 APPPATH\Controllers\Home.php(9): view()
 2 SYSTEMPATH\CodeIgniter.php(934): App\Controllers\Home->index()
 3 SYSTEMPATH\CodeIgniter.php(499): CodeIgniter\CodeIgniter->runController(Object(App\Controllers\Home))
 4 SYSTEMPATH\CodeIgniter.php(368): CodeIgniter\CodeIgniter->handleRequest(null, Object(Config\Cache), false)
 5 FCPATH\index.php(67): CodeIgniter\CodeIgniter->run()
 6 SYSTEMPATH\Commands\Server\rewrite.php(47): require_once('E:\\xampp\\htdocs\\cge\\public\\index.php')
CRITICAL - 2023-05-10 17:50:56 --> Too few arguments to function view(), 0 passed in E:\xampp\htdocs\cge\app\Controllers\Home.php on line 9 and at least 1 expected
in SYSTEMPATH\Common.php on line 1172.
 1 APPPATH\Controllers\Home.php(9): view()
 2 SYSTEMPATH\CodeIgniter.php(934): App\Controllers\Home->index()
 3 SYSTEMPATH\CodeIgniter.php(499): CodeIgniter\CodeIgniter->runController(Object(App\Controllers\Home))
 4 SYSTEMPATH\CodeIgniter.php(368): CodeIgniter\CodeIgniter->handleRequest(null, Object(Config\Cache), false)
 5 FCPATH\index.php(67): CodeIgniter\CodeIgniter->run()
 6 SYSTEMPATH\Commands\Server\rewrite.php(47): require_once('E:\\xampp\\htdocs\\cge\\public\\index.php')
CRITICAL - 2023-05-10 17:50:57 --> Too few arguments to function view(), 0 passed in E:\xampp\htdocs\cge\app\Controllers\Home.php on line 9 and at least 1 expected
in SYSTEMPATH\Common.php on line 1172.
 1 APPPATH\Controllers\Home.php(9): view()
 2 SYSTEMPATH\CodeIgniter.php(934): App\Controllers\Home->index()
 3 SYSTEMPATH\CodeIgniter.php(499): CodeIgniter\CodeIgniter->runController(Object(App\Controllers\Home))
 4 SYSTEMPATH\CodeIgniter.php(368): CodeIgniter\CodeIgniter->handleRequest(null, Object(Config\Cache), false)
 5 FCPATH\index.php(67): CodeIgniter\CodeIgniter->run()
 6 SYSTEMPATH\Commands\Server\rewrite.php(47): require_once('E:\\xampp\\htdocs\\cge\\public\\index.php')
CRITICAL - 2023-05-10 18:00:12 --> Too few arguments to function view(), 0 passed in E:\xampp\htdocs\cge\app\Controllers\Home.php on line 9 and at least 1 expected
in SYSTEMPATH\Common.php on line 1172.
 1 APPPATH\Controllers\Home.php(9): view()
 2 SYSTEMPATH\CodeIgniter.php(934): App\Controllers\Home->index()
 3 SYSTEMPATH\CodeIgniter.php(499): CodeIgniter\CodeIgniter->runController(Object(App\Controllers\Home))
 4 SYSTEMPATH\CodeIgniter.php(368): CodeIgniter\CodeIgniter->handleRequest(null, Object(Config\Cache), false)
 5 FCPATH\index.php(67): CodeIgniter\CodeIgniter->run()
 6 SYSTEMPATH\Commands\Server\rewrite.php(47): require_once('E:\\xampp\\htdocs\\cge\\public\\index.php')
CRITICAL - 2023-05-10 18:26:17 --> Invalid file: "pessoas/home.php"
in SYSTEMPATH\Exceptions\FrameworkException.php on line 33.
 1 SYSTEMPATH\View\View.php(201): CodeIgniter\Exceptions\FrameworkException::forInvalidFile('pessoas/home.php')
 2 SYSTEMPATH\Common.php(1184): CodeIgniter\View\View->render('pessoas/home', [], true)
 3 APPPATH\Controllers\Pessoa.php(6): view('pessoas/home')
 4 SYSTEMPATH\CodeIgniter.php(934): App\Controllers\Pessoa->index()
 5 SYSTEMPATH\CodeIgniter.php(499): CodeIgniter\CodeIgniter->runController(Object(App\Controllers\Pessoa))
 6 SYSTEMPATH\CodeIgniter.php(368): CodeIgniter\CodeIgniter->handleRequest(null, Object(Config\Cache), false)
 7 FCPATH\index.php(67): CodeIgniter\CodeIgniter->run()
 8 SYSTEMPATH\Commands\Server\rewrite.php(47): require_once('E:\\xampp\\htdocs\\cge\\public\\index.php')
CRITICAL - 2023-05-10 18:50:35 --> Undefined variable $titulo
in APPPATH\Views\Pessoas\home.php on line 5.
 1 APPPATH\Views\Pessoas\home.php(5): CodeIgniter\Debug\Exceptions->errorHandler(2, 'Undefined variable $titulo', 'E:\\xampp\\htdocs\\cge\\app\\Views\\Pessoas\\home.php', 5)
 2 SYSTEMPATH\View\View.php(213): include('E:\\xampp\\htdocs\\cge\\app\\Views\\Pessoas\\home.php')
 3 SYSTEMPATH\View\View.php(216): CodeIgniter\View\View->CodeIgniter\View\{closure}()
 4 SYSTEMPATH\Common.php(1184): CodeIgniter\View\View->render('pessoas/home', [], true)
 5 APPPATH\Controllers\Pessoa.php(9): view('pessoas/home')
 6 SYSTEMPATH\CodeIgniter.php(934): App\Controllers\Pessoa->index()
 7 SYSTEMPATH\CodeIgniter.php(499): CodeIgniter\CodeIgniter->runController(Object(App\Controllers\Pessoa))
 8 SYSTEMPATH\CodeIgniter.php(368): CodeIgniter\CodeIgniter->handleRequest(null, Object(Config\Cache), false)
 9 FCPATH\index.php(67): CodeIgniter\CodeIgniter->run()
10 SYSTEMPATH\Commands\Server\rewrite.php(47): require_once('E:\\xampp\\htdocs\\cge\\public\\index.php')
CRITICAL - 2023-05-10 18:50:42 --> Undefined variable $titulo
in APPPATH\Views\Pessoas\home.php on line 5.
 1 APPPATH\Views\Pessoas\home.php(5): CodeIgniter\Debug\Exceptions->errorHandler(2, 'Undefined variable $titulo', 'E:\\xampp\\htdocs\\cge\\app\\Views\\Pessoas\\home.php', 5)
 2 SYSTEMPATH\View\View.php(213): include('E:\\xampp\\htdocs\\cge\\app\\Views\\Pessoas\\home.php')
 3 SYSTEMPATH\View\View.php(216): CodeIgniter\View\View->CodeIgniter\View\{closure}()
 4 SYSTEMPATH\Common.php(1184): CodeIgniter\View\View->render('pessoas/home', [], true)
 5 APPPATH\Controllers\Pessoa.php(9): view('pessoas/home')
 6 SYSTEMPATH\CodeIgniter.php(934): App\Controllers\Pessoa->index()
 7 SYSTEMPATH\CodeIgniter.php(499): CodeIgniter\CodeIgniter->runController(Object(App\Controllers\Pessoa))
 8 SYSTEMPATH\CodeIgniter.php(368): CodeIgniter\CodeIgniter->handleRequest(null, Object(Config\Cache), false)
 9 FCPATH\index.php(67): CodeIgniter\CodeIgniter->run()
10 SYSTEMPATH\Commands\Server\rewrite.php(47): require_once('E:\\xampp\\htdocs\\cge\\public\\index.php')
